1678890976233:hello
1678891186081:help
1678891870388:echo
1678891966117:echo -N
1678891973659:echo -N pp
1678891978113:echo -N "pp"
1678892035420:echo -N lllll
1678892125720:echo -N "qqqqqqqqqqqq"
1678892137366:echo --nsme "qqqqqqqqqqqq"
1678892143962:echo --name "qqqqqqqqqqqq"
1678892167307:echo --name kok
1678892401320:echo --name plpl
1678892450566:echo -N jkjk
1679223992929:help
1679224001841:download --url aaa
1679224075925:exit
1679224089654:help
1679227349735:download --url https://images.freeimages.com/vhq/images/previews/27c/cute-graphics-vector-label-27635.jpg
1679228338418:ls
1679229505506:ll
1679290789706:cat EchoCommand.java
1679290820297:cat /Users/prashantkushwaha/IdeaProjects/javashell/src/main/java/com/prashant/javashell/command/EchoCommand.java
1679290894519:help
1679290917196:history
1679290927533:version
1679290943153:script
1679290955532:script /Users/prashantkushwaha/IdeaProjects/javashell/src/main/java/com/prashant/javashell/command/EchoCommand.java
1679291002165:clear
1679291354130:help
1679291816426:exit
1679291826021:ll
1679291837200:nano aaaaaaaaaaaaaaaaaaaaaaaaaaa
1679291847854:ll
1679291957814:nano --fileName djhasjdhaskdjahksdk.txt djkajshdkjashdjkahsdkahsdkas
1679295927238:check
1679298519534:exit
1679298525203:check
1679305501997:clear
1679305521067:check
1679306315432:exit
1679306321941:check
1679306762653:exit
1679306773930:check
1679306901963:exit
1679306909131:check
1679307145992:exit
1679307150452:check
1679308072486:exit
1679308078209:check
1679308142149:exit
1679308147748:check
1679308300770:exit
1679308306135:check
1679318745791:download --url http://s29.q4cdn.com/175625835/files/doc_downloads/test.pdf
1679318796736:download --url https://unec.edu.az/application/uploads/2014/12/pdf-sample.pdf
1679318982806:exit
1679589745748:java pdf
1679589751807:check java pdf
1679589908521:help
1679589915518:check
1679589936829:check -s human -t pdf
1679590008324:check
1679590027014:check -s human -t pdf
1679590051745:exit
1679590057270:check
1679590081162:check -s humman -t pdf
1679590783253:check -s humman -t jpeg
1679590847089:check -s humman -t word
1679591159282:exit
1679591176018:check -s humman -t word
1679591218042:exit
1679591226320:check -s humman -t word
1679591307034:exit
1679591311512:check -s humman -t word
1679591330522:check -s cat -t ppt
1679591367401:check -s antman -t mp4
1679591372829:check -s ant man -t mp4
1679591408840:check -s ant -t mp4
1679591419263:check -s ant man -t mp4
1679591424844:check -s ant pk -t mp4
1679591527501:exit
1679591532582:check -s ant pk -t mp4
1679591568979:check -s "ant pk" -t mp4
1679591598154:check human pdf
1679591618043:check
1679591652661:check -hola human -jj pdf
1679591671251:check  antman pdf
1679591679110:check  antman mp4
1679591693216:exit
1679591696855:check  antman mp4
1679591707072:check  antman mkv
1679591808479:check srver log
1679591885621:check username log
1679592177844:exit
1679661463642:check username log
1679661878610:exit
1679661882654:check username log
1679662201692:clear
1679662203970:exit
1679662208398:check username log
1679662565853:clear
1679662567522:exit
1679662572877:check username log
1679663189106:clear
1679663195932:check java pdf
1679663625261:help
1679665833627:exit
1679665842607:dork username log
1679666002208:exit
1679666009080:dork username log
1679666096855:exit
1679666101106:dork username log
1679666134880:exit
1679666140891:dork username log
1679666302733:exit
1679666308932:dork username log
1679666325350:exit
1679667091304:dork username log
1679667235811:exit
1679667240704:dork username log
1679667264539:dork human log
1679667311005:exit
1679667316385:dork human log
1679669777604:exit
1679669781889:dork human log
1679678614168:exit
1679678631399:dork java pdf
1679678816181:exit
1679680189925:ll
1679680211643:exit
1680244631185:dork check mkv
1680244652502:dork java pdf
1680244723026:exit
1680244731212:dork java pdf
1680245399370:dork amazon.com pdf
